<?xml version="1.0" encoding="UTF-8"?>
<testng-results skipped="0" failed="0" total="1" passed="1">
  <reporter-output>
  </reporter-output>
  <suite name="Default suite" duration-ms="19864" started-at="2021-03-22T08:50:41Z" finished-at="2021-03-22T08:51:01Z">
    <groups>
    </groups>
    <test name="Default test" duration-ms="19864" started-at="2021-03-22T08:50:41Z" finished-at="2021-03-22T08:51:01Z">
      <class name="com.naukri.test.UploadResume">
        <test-method status="PASS" signature="launchBrowser()[pri:0, instance:com.naukri.test.UploadResume@7e0ea639]" name="launchBrowser" is-config="true" duration-ms="2161" started-at="2021-03-22T14:20:41Z" finished-at="2021-03-22T14:20:44Z">
          <reporter-output>
          </reporter-output>
        </test-method> <!-- launchBrowser -->
        <test-method status="PASS" signature="testUploadResume()[pri:0, instance:com.naukri.test.UploadResume@7e0ea639]" name="testUploadResume" duration-ms="17694" started-at="2021-03-22T14:20:44Z" finished-at="2021-03-22T14:21:01Z">
          <reporter-output>
          </reporter-output>
        </test-method> <!-- testUploadResume -->
      </class> <!-- com.naukri.test.UploadResume -->
    </test> <!-- Default test -->
  </suite> <!-- Default suite -->
</testng-results>
